GET/api/jobs/67d6bc0face08cc3d0358ac7::1
GET/api/jobs/67d6bc0face08cc3d0358ac7::1
PUT/api/jobs/67d6bc0face08cc3d0358ac7::1
GET/api/jobs/?size=3&offset=0::1
GET/api/jobs/?size=3&offset=0::1
POST/api/users/login::1
GET/api/jobs/?size=3&offset=0::1
GET/api/jobs/?size=3&offset=0::1
GET/api/jobs/67d69d97a80d636b83a81b21::1
GET/api/jobs/67d69d97a80d636b83a81b21::1
PUT/api/jobs/67d69d97a80d636b83a81b21::1
[2025-03-17T01:44:08.459Z] TypeError: Cannot read properties of undefined (reading 'toString')
    at file:///C:/Users/rutvi/OneDrive/Desktop/cuvette-react/job-posting-site/server/routes/Jobs.js:119:25
    at process.processTicksAndRejections (node:internal/process/task_queues:105:5)
GET/api/jobs/?size=3&offset=0::1
GET/api/jobs/?size=3&offset=0::1
GET/api/jobs/67d6bc0face08cc3d0358ac7::1
GET/api/jobs/67d6bc0face08cc3d0358ac7::1
PUT/api/jobs/67d6bc0face08cc3d0358ac7::1
GET/api/jobs/?size=3&offset=0::1
GET/api/jobs/?size=3&offset=0::1
GET/api/jobs/67d69d97a80d636b83a81b21::1
GET/api/jobs/67d69d97a80d636b83a81b21::1
GET/api/jobs/67d69d97a80d636b83a81b21::1
GET/api/jobs/67d69d97a80d636b83a81b21::1
GET/api/jobs/67d69d97a80d636b83a81b21::1
GET/api/jobs/67d69d97a80d636b83a81b21::1
GET/api/users/me::1
GET/api/users/me::1
GET/api/users/me::1
GET/api/users/me::1
GET/api/users/me::1
GET/api/users/me::1
GET/api/users/me::1
GET/api/users/me::1
GET/api/users/me::1
GET/api/users/me::1
GET/api/users/me::1
GET/api/users/me::1
GET/api/users/me::1
GET/api/users/me::1
GET/api/users/me::1
GET/api/users/me::1
GET/api/users/me::1
GET/api/users/me::1
GET/api/users/me::1
GET/api/users/me::1
GET/api/users/me::1
GET/api/jobs/?size=3&offset=0::1
GET/api/users/me::1
GET/api/jobs/?size=3&offset=0::1
GET/api/users/me::1
GET/api/jobs/67d69d97a80d636b83a81b21::1
GET/api/jobs/67d69d97a80d636b83a81b21::1
GET/api/jobs/67d69d97a80d636b83a81b21::1
GET/api/jobs/67d69d97a80d636b83a81b21::1
GET/api/jobs/67d69d97a80d636b83a81b21::1
GET/api/jobs/67d69d97a80d636b83a81b21::1
GET/api/jobs/67d69d97a80d636b83a81b21::1
GET/api/jobs/67d69d97a80d636b83a81b21::1
GET/api/jobs/67d69d97a80d636b83a81b21::1
GET/api/jobs/67d69d97a80d636b83a81b21::1
GET/api/jobs/67d69d97a80d636b83a81b21::1
GET/api/jobs/67d69d97a80d636b83a81b21::1
GET/api/jobs/?size=3&offset=0::1
GET/api/jobs/?size=3&offset=0::1
GET/api/jobs/67d69d97a80d636b83a81b21::1
GET/api/jobs/67d69d97a80d636b83a81b21::1
GET/api/jobs/67d69d97a80d636b83a81b21::1
GET/api/users/me::1
GET/api/jobs/67d69d97a80d636b83a81b21::1
GET/api/users/me::1
GET/api/jobs/67d69d97a80d636b83a81b21::1
GET/api/jobs/67d69d97a80d636b83a81b21::1
GET/api/jobs/67d69d97a80d636b83a81b21::1
GET/api/jobs/67d69d97a80d636b83a81b21::1
GET/api/jobs/67d69d97a80d636b83a81b21::1
GET/api/users/me::1
GET/api/jobs/67d69d97a80d636b83a81b21::1
GET/api/users/me::1
GET/api/jobs/67d69d97a80d636b83a81b21::1
GET/api/jobs/67d69d97a80d636b83a81b21::1
GET/api/jobs/67d69d97a80d636b83a81b21::1
GET/api/jobs/67d69d97a80d636b83a81b21::1
GET/api/jobs/67d69d97a80d636b83a81b21::1
GET/api/jobs/67d69d97a80d636b83a81b21::1
GET/api/jobs/67d69d97a80d636b83a81b21::1
GET/api/users/me::1
GET/api/jobs/67d69d97a80d636b83a81b21::1
GET/api/users/me::1
GET/api/jobs/67d69d97a80d636b83a81b21::1
GET/api/jobs/67d69d97a80d636b83a81b21::1
GET/api/jobs/67d69d97a80d636b83a81b21::1
GET/api/users/me::1
GET/api/jobs/67d69d97a80d636b83a81b21::1
GET/api/users/me::1
GET/api/jobs/67d69d97a80d636b83a81b21::1
GET/api/jobs/67d69d97a80d636b83a81b21::1
GET/api/jobs/67d69d97a80d636b83a81b21::1
GET/api/jobs/67d69d97a80d636b83a81b21::1
GET/api/jobs/?size=3&offset=0::1
GET/api/jobs/?size=3&offset=0::1
GET/api/jobs/?size=3&offset=0::1
GET/api/users/me::1
GET/api/users/me::1
GET/api/jobs/?size=3&offset=0::1
GET/api/jobs/?size=3&offset=0::1
GET/api/jobs/?size=3&offset=0::1
GET/api/jobs/?size=3&offset=0::1
GET/api/users/me::1
GET/api/users/me::1
GET/api/jobs/?size=3&offset=0::1
GET/api/jobs/?size=3&offset=0::1
GET/api/users/me::1
GET/api/users/me::1
GET/api/jobs/?size=3&offset=0::1
GET/api/jobs/?size=3&offset=0::1
GET/api/users/me::1
GET/api/users/me::1
GET/api/jobs/?size=3&offset=0::1
GET/api/jobs/?size=3&offset=0::1
GET/api/users/me::1
GET/api/users/me::1
GET/api/jobs/?size=3&offset=0::1
GET/api/jobs/?size=3&offset=0::1
GET/api/jobs/?size=3&offset=0::1
GET/api/jobs/?size=1&offset=0::1
GET/api/jobs/?size=1&offset=0::1
GET/api/jobs/?size=1&offset=0::1
GET/api/users/me::1
GET/api/users/me::1
GET/api/jobs/?size=1&offset=0::1
GET/api/jobs/?size=1&offset=0::1
GET/api/users/me::1
GET/api/users/me::1
GET/api/jobs/?size=1&offset=0::1
GET/api/jobs/?size=1&offset=1::1
GET/api/jobs/?size=1&offset=2::1
GET/api/users/me::1
GET/api/users/me::1
GET/api/jobs/?size=1&offset=0::1
GET/api/jobs/?size=1&offset=0::1
GET/api/jobs/?size=3&offset=0::1
GET/api/jobs/?offset=0::1
GET/api/jobs/?size=5&offset=0::1
GET/api/jobs/67d69d97a80d636b83a81b21::1
GET/api/jobs/67d69d97a80d636b83a81b21::1
GET/api/jobs/67d69d97a80d636b83a81b21::1
GET/api/jobs/67d69d97a80d636b83a81b21::1
GET/api/jobs/67d69d97a80d636b83a81b21::1
GET/api/jobs/67d69d97a80d636b83a81b21::1
GET/api/jobs/?size=5&offset=0::1
GET/api/users/me::1
GET/api/users/me::1
GET/api/jobs/?size=5&offset=0::1
GET/api/users/me::1
GET/api/jobs/?size=5&offset=0::1
GET/api/users/me::1
GET/api/jobs/?size=5&offset=0::1
GET/api/users/me::1
GET/api/jobs/?size=5&offset=0::1
GET/api/users/me::1
GET/api/jobs/?size=5&offset=0::1
GET/api/jobs/?size=5&offset=0::1
GET/api/users/me::1
GET/api/users/me::1
GET/api/jobs/?size=5&offset=0::1
GET/api/jobs/?size=5&offset=0::1
GET/api/jobs/?size=5&offset=0::1
GET/api/jobs/?size=5&offset=0::1
GET/api/users/me::1
GET/api/users/me::1
GET/api/jobs/?size=5&offset=0::1
GET/api/jobs/?size=5&offset=0::1
GET/api/jobs/?size=5&offset=0::1
GET/api/jobs/?size=5&offset=0::1
GET/api/jobs/?size=5&offset=0::1
GET/api/jobs/?size=5&offset=0::1
GET/api/jobs/?size=5&offset=0::1
GET/api/jobs/?size=5&offset=0::1
GET/api/jobs/?size=5&offset=0::1
GET/api/jobs/?size=5&offset=0::1
GET/api/jobs/?size=5&offset=0::1
GET/api/jobs/?size=5&offset=0::1
GET/api/jobs/?size=5&offset=0::1
GET/api/jobs/?size=5&offset=0::1
GET/api/jobs/?size=5&offset=0::1
GET/api/jobs/?size=5&offset=0::1
GET/api/jobs/?size=5&offset=0::1
GET/api/jobs/?size=5&offset=0::1
GET/api/jobs/?size=5&offset=0::1
GET/api/jobs/?size=5&offset=0::1
GET/api/jobs/?size=5&offset=0::1
GET/api/jobs/?size=5&offset=0::1
GET/api/jobs/?size=5&offset=0::1
GET/api/jobs/?size=5&offset=0::1
GET/api/jobs/?size=5&offset=0::1
GET/api/jobs/?size=5&offset=0::1
GET/api/jobs/?size=5&offset=0::1
GET/api/jobs/?size=5&offset=0::1
GET/api/jobs/?size=5&offset=0::1
GET/api/jobs/?size=5&offset=0::1
GET/api/jobs/?size=5&offset=0::1
GET/api/users/me::1
GET/api/jobs/?size=5&offset=0::1
GET/api/users/me::1
GET/api/jobs/?size=5&offset=0::1
GET/api/users/me::1
GET/api/users/me::1
POST/api/users/login::1
GET/api/jobs/?size=5&offset=0::1
GET/api/jobs/?size=5&offset=0::1
GET/api/jobs/?size=5&offset=0::1
GET/api/users/me::1
GET/api/jobs/?size=5&offset=0::1
GET/api/users/me::1
GET/api/jobs/?size=5&offset=0::1
GET/api/jobs/?size=5&offset=0::1
GET/api/jobs/?size=5&offset=0::1
GET/api/jobs/?size=5&offset=0::1
GET/api/jobs/?size=5&offset=0::1
GET/api/jobs/?size=5&offset=0::1
GET/api/jobs/?name=w&size=5&offset=0::1
GET/api/jobs/?name=&size=5&offset=0::1
GET/api/jobs/?name=w&size=5&offset=0::1
GET/api/jobs/?name=we&size=5&offset=0::1
GET/api/jobs/?name=w&size=5&offset=0::1
GET/api/jobs/?name=&size=5&offset=0::1
GET/api/jobs/?name=f&size=5&offset=0::1
GET/api/jobs/?name=fr&size=5&offset=0::1
GET/api/jobs/?name=fro&size=5&offset=0::1
GET/api/jobs/?name=fron&size=5&offset=0::1
GET/api/jobs/?name=front&size=5&offset=0::1
GET/api/jobs/?name=front&size=5&offset=0::1
GET/favicon.ico::1
GET/api/jobs/?name=fron&size=5&offset=0::1
GET/api/jobs/?name=fro&size=5&offset=0::1
GET/api/jobs/?name=fr&size=5&offset=0::1
GET/api/jobs/?name=f&size=5&offset=0::1
GET/api/jobs/?name=&size=5&offset=0::1
GET/api/jobs/?name=f&size=5&offset=0::1
GET/api/jobs/?name=fr&size=5&offset=0::1
GET/api/jobs/?name=fro&size=5&offset=0::1
GET/api/jobs/?name=fron&size=5&offset=0::1
GET/api/jobs/?name=fro&size=5&offset=0::1
GET/api/jobs/?name=fr&size=5&offset=0::1
GET/api/jobs/?name=f&size=5&offset=0::1
GET/api/jobs/?name=&size=5&offset=0::1
GET/api/jobs/?name=W&size=5&offset=0::1
GET/api/jobs/?name=&size=5&offset=0::1
GET/api/jobs/?name=F&size=5&offset=0::1
GET/api/jobs/?name=Fr&size=5&offset=0::1
GET/api/jobs/?name=Fro&size=5&offset=0::1
GET/api/jobs/?name=Fron&size=5&offset=0::1
GET/api/jobs/?name=Fro&size=5&offset=0::1
GET/api/jobs/?name=Fr&size=5&offset=0::1
GET/api/jobs/?name=F&size=5&offset=0::1
GET/api/jobs/?name=&size=5&offset=0::1
GET/api/jobs/?size=5&offset=0::1
GET/api/jobs/?size=5&offset=0::1
GET/api/users/me::1
GET/api/users/me::1
GET/api/jobs/?size=5&offset=0::1
GET/api/users/me::1
GET/api/jobs/?size=5&offset=0::1
GET/api/users/me::1
GET/api/jobs/?size=5&offset=0::1
GET/api/jobs/?size=5&offset=0::1
GET/api/users/me::1
GET/api/users/me::1
GET/api/jobs/?size=5&offset=0::1
GET/api/jobs/?size=5&offset=0::1
GET/api/jobs/?size=5&offset=0::1
GET/api/users/me::1
GET/api/users/me::1
GET/api/jobs/?size=5&offset=0::1
GET/api/users/me::1
GET/api/jobs/?size=5&offset=0::1
GET/api/users/me::1
GET/api/jobs/?size=5&offset=0::1
GET/api/users/me::1
GET/api/jobs/?size=5&offset=0::1
GET/api/users/me::1
GET/api/jobs/?skills[]=JavaScript&size=5&offset=0::1
GET/api/jobs/?size=5&offset=0::1
GET/api/users/me::1
GET/api/jobs/?size=5&offset=0::1
GET/api/users/me::1
GET/api/jobs/?skills[]=JavaScript&size=5&offset=0::1
GET/api/jobs/?skills[]=JavaScript&skills[]=Node.js&size=5&offset=0::1
GET/api/jobs/?skills[]=JavaScript&skills[]=Node.js&skills[]=MongoDB&size=5&offset=0::1
GET/api/jobs/?skills[]=Node.js&skills[]=MongoDB&size=5&offset=0::1
GET/api/jobs/?skills[]=MongoDB&size=5&offset=0::1
GET/api/jobs/?size=5&offset=0::1
GET/api/jobs/?skills[]=Python&size=5&offset=0::1
GET/api/jobs/?size=5&offset=0::1
GET/api/users/me::1
GET/api/jobs/?size=5&offset=0::1
GET/api/users/me::1
GET/api/jobs/?skills=JavaScript&size=5&offset=0::1
GET/api/jobs/?size=5&offset=0::1
GET/api/jobs/?skills=Python&size=5&offset=0::1
GET/api/jobs/?size=5&offset=0::1
GET/api/users/me::1
GET/api/jobs/?size=5&offset=0::1
GET/api/users/me::1
GET/api/jobs/?skills=React&size=5&offset=0::1
