GET/api/jobs/?size=5&offset=0::1
GET/api/users/me::1
GET/api/users/me::1
GET/api/jobs/?size=5&offset=0::1
GET/api/jobs/?size=5&offset=0::1
GET/api/jobs/?skills=JavaScript&size=5&offset=0::1
GET/api/jobs/?skills=JavaScript,React&size=5&offset=0::1
GET/api/users/me::1
GET/api/users/me::1
GET/api/jobs/?size=5&offset=0::1
GET/api/jobs/?size=5&offset=0::1
GET/api/jobs/?size=5&offset=0::1
GET/api/jobs/?skills=JavaScript&size=5&offset=0::1
GET/api/jobs/?skills=JavaScript,React&size=5&offset=0::1
GET/api/jobs/?skills=React&size=5&offset=0::1
GET/api/jobs/?size=5&offset=0::1
GET/api/jobs/?skills=CSS&size=5&offset=0::1
GET/api/users/me::1
GET/api/jobs/?size=5&offset=0::1
GET/api/users/me::1
GET/api/jobs/?size=5&offset=0::1
GET/api/jobs/?size=5&offset=0::1
GET/api/jobs/?skills=JavaScript&size=5&offset=0::1
GET/api/jobs/?skills=JavaScript,Node.js&size=5&offset=0::1
GET/api/jobs/?size=5&offset=0::1
GET/api/users/me::1
GET/api/jobs/?size=5&offset=0::1
GET/api/users/me::1
GET/api/jobs/?size=5&offset=0::1
GET/api/jobs/?skills=JavaScript&size=5&offset=0::1
GET/api/jobs/?skills=JavaScript,React&size=5&offset=0::1
GET/api/jobs/?name=&size=5&offset=0::1
GET/api/jobs/?name=a&size=5&offset=0::1
GET/api/jobs/?name=abc&size=5&offset=0::1
GET/api/jobs/?name=&size=5&offset=0::1
GET/api/jobs/?name=&size=5&offset=0::1
POST/api/users/login::1
GET/api/jobs/?size=5&offset=0::1
GET/api/jobs/?size=5&offset=0::1
GET/api/jobs/?size=5&offset=0::1
POST/api/users/login::1
GET/api/jobs/?size=5&offset=0::1
GET/api/jobs/?size=5&offset=0::1
GET/api/jobs/?size=5&offset=0::1
GET/api/jobs/?size=5&offset=0::1
GET/api/users/me::1
GET/api/jobs/?size=5&offset=0::1
GET/api/users/me::1
GET/api/jobs/?size=5&offset=0::1
GET/api/jobs/?size=5&offset=0::1
GET/api/jobs/?size=5&offset=0::1
GET/api/jobs/?size=5&offset=0::1
GET/api/jobs/?size=5&offset=0::1
GET/api/jobs/?size=5&offset=0::1
GET/api/jobs/?size=5&offset=0::1
GET/api/jobs/?size=5&offset=0::1
GET/api/users/me::1
GET/api/users/me::1
GET/api/jobs/?size=5&offset=0::1
GET/api/jobs/?size=5&offset=0::1
GET/api/users/me::1
GET/api/users/me::1
GET/api/jobs/?size=5&offset=0::1
GET/api/jobs/?size=5&offset=0::1
GET/api/users/me::1
GET/api/users/me::1
GET/api/jobs/?size=5&offset=0::1
GET/api/jobs/?size=5&offset=0::1
GET/api/users/me::1
GET/api/users/me::1
GET/api/jobs/?size=5&offset=0::1
GET/api/jobs/?size=5&offset=0::1
GET/api/users/me::1
GET/api/users/me::1
GET/api/jobs/?size=5&offset=0::1
GET/api/jobs/?size=5&offset=0::1
GET/api/users/me::1
GET/api/users/me::1
GET/api/jobs/?size=5&offset=0::1
GET/api/jobs/?size=5&offset=0::1
GET/api/users/me::1
GET/api/users/me::1
POST/api/users/login::1
POST/api/users/login::1
GET/api/jobs/?size=5&offset=0::1
GET/api/jobs/?size=5&offset=0::1
GET/api/jobs/?size=5&offset=0::1
POST/api/users/logout::1
GET/api/jobs/?size=5&offset=0::1
GET/api/jobs/?size=5&offset=0::1
GET/api/jobs/?size=5&offset=0::1
GET/api/jobs/?size=5&offset=0::1
GET/api/users/me::1
GET/api/jobs/?size=5&offset=0::1
GET/api/users/me::1
GET/api/jobs/?size=5&offset=0::1
GET/api/users/me::1
GET/api/users/me::1
POST/api/users/login::1
GET/api/users/me::1
GET/api/jobs/?size=5&offset=0::1
GET/api/jobs/?size=5&offset=0::1
GET/api/jobs/?size=5&offset=0::1
