GET/api/jobs/?size=5&offset=0::1
GET/api/users/me::1
GET/api/users/me::1
GET/api/jobs/?size=5&offset=0::1
GET/api/jobs/?size=5&offset=0::1
GET/api/users/me::1
GET/api/jobs/?size=5&offset=0::1
GET/api/users/me::1
GET/api/jobs/?size=5&offset=0::1
GET/api/jobs/?size=5&offset=0::1
GET/api/jobs/?size=5&offset=0::1
GET/api/jobs/?size=5&offset=0::1
GET/api/jobs/?size=5&offset=0::1
GET/api/jobs/?size=5&offset=0::1
GET/api/jobs/?size=5&offset=0::1
GET/api/jobs/?size=5&offset=0::1
GET/api/jobs/?size=5&offset=0::1
GET/api/jobs/?size=5&offset=0::1
GET/api/jobs/?size=5&offset=0::1
GET/api/jobs/?size=5&offset=0::1
GET/api/jobs/?size=5&offset=0::1
GET/api/jobs/?size=5&offset=0::1
GET/api/jobs/?size=5&offset=0::1
GET/api/jobs/?size=5&offset=0::1
GET/api/jobs/?size=5&offset=0::1
GET/api/jobs/?size=5&offset=0::1
GET/api/jobs/?size=5&offset=0::1
GET/api/jobs/?size=5&offset=0::1
GET/api/jobs/?size=5&offset=0::1
GET/api/jobs/?size=5&offset=0::1
GET/api/jobs/?size=5&offset=0::1
GET/api/jobs/?size=5&offset=0::1
GET/api/jobs/?size=5&offset=0::1
GET/api/jobs/?size=5&offset=0::1
GET/api/jobs/?size=5&offset=0::1
GET/api/users/me::1
GET/api/jobs/?size=5&offset=0::1
GET/api/users/me::1
GET/api/jobs/?size=5&offset=0::1
GET/api/jobs/?size=5&offset=0::1
GET/api/jobs/?size=5&offset=0::1
GET/api/jobs/?size=5&offset=0::1
GET/api/jobs/?size=5&offset=0::1
GET/api/jobs/?size=5&offset=0::1
GET/api/jobs/?size=5&offset=0::1
GET/api/users/me::1
GET/api/jobs/?size=5&offset=0::1
GET/api/users/me::1
GET/api/jobs/?size=5&offset=0::1
GET/api/users/me::1
GET/api/jobs/?size=5&offset=0::1
GET/api/users/me::1
GET/api/jobs/?size=5&offset=0::1
GET/api/users/me::1
GET/api/jobs/?size=5&offset=0::1
GET/api/users/me::1
GET/api/jobs/?size=5&offset=0::1
GET/api/users/me::1
GET/api/jobs/?size=5&offset=0::1
GET/api/users/me::1
GET/api/jobs/?size=5&offset=0::1
GET/api/users/me::1
GET/api/jobs/?size=5&offset=0::1
GET/api/users/me::1
GET/api/users/me::1
GET/api/jobs/?size=5&offset=0::1
GET/api/users/me::1
GET/api/jobs/?size=5&offset=0::1
GET/api/jobs/67d69d97a80d636b83a81b21::1
GET/api/jobs/67d69d97a80d636b83a81b21::1
GET/api/jobs/?size=5&offset=0::1
GET/api/jobs/?size=5&offset=0::1
GET/api/jobs/67d69d97a80d636b83a81b21::1
GET/api/jobs/67d69d97a80d636b83a81b21::1
GET/api/jobs/?size=5&offset=0::1
GET/api/jobs/?size=5&offset=0::1
GET/api/jobs/?name=w&size=5&offset=0::1
GET/api/jobs/?name=&size=5&offset=0::1
GET/api/jobs/?name=&skills=JavaScript&size=5&offset=0::1
GET/api/jobs/?name=&skills=JavaScript,Node.js&size=5&offset=0::1
GET/api/jobs/?name=&skills=Node.js&size=5&offset=0::1
GET/api/jobs/?name=&skills=Node.js,JavaScript&size=5&offset=0::1
GET/api/jobs/?name=&skills=JavaScript&size=5&offset=0::1
GET/api/jobs/?name=&size=5&offset=0::1
GET/api/jobs/?name=&skills=React&size=5&offset=0::1
GET/api/jobs/?size=5&offset=0::1
GET/api/jobs/?size=5&offset=0::1
GET/api/jobs/?size=5&offset=0::1
GET/api/jobs/?size=5&offset=0::1
GET/api/users/me::1
GET/api/jobs/?size=5&offset=0::1
GET/api/users/me::1
GET/api/jobs/?size=5&offset=0::1
GET/api/jobs/?skills=JavaScript&size=5&offset=0::1
GET/api/jobs/?skills=JavaScript,React&size=5&offset=0::1
GET/api/jobs/?skills=JavaScript,React,Node.js&size=5&offset=0::1
GET/api/jobs/?skills=JavaScript,Node.js&size=5&offset=0::1
GET/api/jobs/?skills=JavaScript&size=5&offset=0::1
GET/api/jobs/?skills=JavaScript,React&size=5&offset=0::1
GET/api/jobs/?skills=JavaScript,React,MongoDB&size=5&offset=0::1
GET/api/users/me::1
GET/api/jobs/?size=5&offset=0::1
GET/api/jobs/?size=5&offset=0::1
GET/api/users/me::1
GET/api/jobs/?size=5&offset=0::1
GET/api/jobs/?skills=JavaScript&size=5&offset=0::1
